2026-02-17 16:14:24,265 INFO: KC Jain Advocate Website startup [in d:\kc-jain-advocate\app.py:59]
2026-02-17 16:14:35,877 INFO: KC Jain Advocate Website startup [in d:\kc-jain-advocate\app.py:59]
2026-02-17 16:22:04,473 INFO: KC Jain Advocate Website startup [in d:\kc-jain-advocate\app.py:59]
2026-02-17 16:22:04,480 INFO: Added created_at column to settings table [in d:\kc-jain-advocate\app.py:224]
2026-02-17 16:22:04,485 INFO: Added group_name column to settings table [in d:\kc-jain-advocate\app.py:229]
2026-02-17 16:22:04,490 INFO: Added type column to settings table [in d:\kc-jain-advocate\app.py:234]
2026-02-17 16:22:04,495 INFO: Added description column to settings table [in d:\kc-jain-advocate\app.py:239]
2026-02-17 16:22:04,501 INFO: Database initialized successfully [in d:\kc-jain-advocate\app.py:351]
2026-02-17 16:22:05,024 INFO: KC Jain Advocate Website startup [in d:\kc-jain-advocate\app.py:59]
2026-02-17 16:22:05,028 INFO: Database initialized successfully [in d:\kc-jain-advocate\app.py:351]
2026-02-17 16:22:12,871 WARNING: 404 error: /.well-known/appspecific/com.chrome.devtools.json [in d:\kc-jain-advocate\app.py:2398]
2026-02-17 16:22:38,769 WARNING: 404 error: /.well-known/appspecific/com.chrome.devtools.json [in d:\kc-jain-advocate\app.py:2398]
2026-02-17 16:23:59,153 WARNING: 404 error: /video-preview [in d:\kc-jain-advocate\app.py:2398]
2026-02-17 16:27:41,181 WARNING: 404 error: /.well-known/appspecific/com.chrome.devtools.json [in d:\kc-jain-advocate\app.py:2398]
2026-02-17 16:45:48,868 WARNING: 404 error: /video-preview [in d:\kc-jain-advocate\app.py:2398]
2026-02-17 16:50:22,640 WARNING: 404 error: /.well-known/appspecific/com.chrome.devtools.json [in d:\kc-jain-advocate\app.py:2398]
2026-02-17 16:52:44,440 WARNING: 404 error: /video-preview [in d:\kc-jain-advocate\app.py:2398]
2026-02-17 16:59:55,434 INFO: KC Jain Advocate Website startup [in d:\kc-jain-advocate\app.py:59]
2026-02-17 16:59:55,435 INFO: Database initialized successfully [in d:\kc-jain-advocate\app.py:351]
2026-02-17 17:05:09,535 INFO: KC Jain Advocate Website startup [in d:\kc-jain-advocate\app.py:59]
2026-02-17 17:05:09,537 INFO: Database initialized successfully [in d:\kc-jain-advocate\app.py:351]
2026-02-17 17:05:10,313 INFO: KC Jain Advocate Website startup [in d:\kc-jain-advocate\app.py:59]
2026-02-17 17:05:10,315 INFO: Database initialized successfully [in d:\kc-jain-advocate\app.py:351]
2026-02-17 17:10:15,302 WARNING: 404 error: /.well-known/appspecific/com.chrome.devtools.json [in d:\kc-jain-advocate\app.py:2398]
2026-02-17 17:12:13,281 WARNING: 404 error: /favicon.ico [in d:\kc-jain-advocate\app.py:2398]
2026-02-17 17:32:32,506 WARNING: File not found: profile/default-profile.jpg [in d:\kc-jain-advocate\app.py:700]
2026-02-17 17:32:32,649 ERROR: Error getting profile: No item with that key [in d:\kc-jain-advocate\app.py:2020]
2026-02-17 17:32:32,857 ERROR: Error getting content: 'updated_date' [in d:\kc-jain-advocate\app.py:963]
2026-02-17 17:32:32,982 ERROR: Error getting QR data: 'tree_image_urls' [in d:\kc-jain-advocate\app.py:1435]
2026-02-17 17:32:33,173 WARNING: 404 error: /.well-known/appspecific/com.chrome.devtools.json [in d:\kc-jain-advocate\app.py:2398]
2026-02-17 17:34:40,232 ERROR: Error verifying admin: no such column: login_count [in d:\kc-jain-advocate\app.py:636]
2026-02-17 17:34:45,901 ERROR: Error verifying admin: no such column: login_count [in d:\kc-jain-advocate\app.py:636]
2026-02-17 17:35:45,613 ERROR: Error verifying admin: no such column: login_count [in d:\kc-jain-advocate\app.py:636]
2026-02-17 17:35:51,879 ERROR: Error verifying admin: no such column: login_count [in d:\kc-jain-advocate\app.py:636]
2026-02-17 17:36:44,387 INFO: KC Jain Advocate Website startup [in d:\kc-jain-advocate\app.py:79]
2026-02-17 17:36:44,387 INFO: Base directory: d:\kc-jain-advocate [in d:\kc-jain-advocate\app.py:80]
2026-02-17 17:36:44,388 INFO: Database path: d:\kc-jain-advocate\kc_jain_advocate.db [in d:\kc-jain-advocate\app.py:81]
2026-02-17 17:36:44,388 INFO: Upload folder: d:\kc-jain-advocate\uploads [in d:\kc-jain-advocate\app.py:82]
2026-02-17 17:36:44,389 INFO: Database tables created successfully [in d:\kc-jain-advocate\app.py:238]
2026-02-17 17:36:44,507 INFO: Default profile image created at d:\kc-jain-advocate\uploads\profile\default-profile.jpg [in d:\kc-jain-advocate\app.py:297]
2026-02-17 17:36:44,510 INFO: Default settings inserted [in d:\kc-jain-advocate\app.py:364]
2026-02-17 17:36:44,510 INFO: Database initialized successfully [in d:\kc-jain-advocate\app.py:266]
2026-02-17 17:36:50,284 ERROR: Error getting content: 'updated_date' [in d:\kc-jain-advocate\app.py:990]
2026-02-17 17:37:58,512 ERROR: Error verifying admin: no such column: login_count [in d:\kc-jain-advocate\app.py:656]
2026-02-17 17:59:27,813 INFO: KC Jain Advocate Website startup [in d:\kc-jain-advocate\app.py:59]
2026-02-17 17:59:27,814 INFO: Database initialized successfully [in d:\kc-jain-advocate\app.py:351]
2026-02-18 17:50:11,681 INFO: KC Jain Advocate Website startup [in d:\kc-jain-advocate\app.py:59]
2026-02-18 17:50:11,715 INFO: Database initialized successfully [in d:\kc-jain-advocate\app.py:351]
2026-02-18 17:50:12,554 INFO: KC Jain Advocate Website startup [in d:\kc-jain-advocate\app.py:59]
2026-02-18 17:50:12,557 INFO: Database initialized successfully [in d:\kc-jain-advocate\app.py:351]
2026-02-18 17:50:19,310 WARNING: 404 error: /favicon.ico [in d:\kc-jain-advocate\app.py:2398]
2026-02-18 22:34:15,258 WARNING: 404 error: /.well-known/appspecific/com.chrome.devtools.json [in d:\kc-jain-advocate\app.py:2398]
2026-02-18 22:34:56,886 WARNING: 404 error: /favicon.ico [in d:\kc-jain-advocate\app.py:2398]
2026-02-18 22:38:48,530 WARNING: 404 error: /.well-known/appspecific/com.chrome.devtools.json [in d:\kc-jain-advocate\app.py:2398]
2026-02-19 11:14:27,130 INFO: KC Jain Advocate Website startup [in d:\kc-jain-advocate\app.py:59]
2026-02-19 11:14:27,142 INFO: Database initialized successfully [in d:\kc-jain-advocate\app.py:351]
2026-02-19 11:14:28,109 INFO: KC Jain Advocate Website startup [in d:\kc-jain-advocate\app.py:59]
2026-02-19 11:14:28,112 INFO: Database initialized successfully [in d:\kc-jain-advocate\app.py:351]
2026-02-19 11:14:30,107 WARNING: 404 error: /favicon.ico [in d:\kc-jain-advocate\app.py:2398]
